#
# A fatal error has been detected by the Java Runtime Environment:
#
#  EXCEPTION_ACCESS_VIOLATION (0xc0000005) at pc=0x0000000067d14419, pid=10124, tid=14160
#
# JRE version: Java(TM) SE Runtime Environment (7.0_45-b18) (build 1.7.0_45-b18)
# Java VM: Java HotSpot(TM) 64-Bit Server VM (24.45-b08 mixed mode windows-amd64 compressed oops)
# Problematic frame:
# V  [jvm.dll+0x54419]
#
# Failed to write core dump. Minidumps are not enabled by default on client versions of Windows
#
# If you would like to submit a bug report, please visit:
#   http://bugreport.sun.com/bugreport/crash.jsp
#

---------------  T H R E A D  ---------------

Current thread (0x0000000008a14000):  JavaThread "JDWP Transport Listener: dt_socket" daemon [_thread_in_vm, id=14160, stack(0x000000000a5e0000,0x000000000a6e0000)]

siginfo: ExceptionCode=0xc0000005, reading address 0x000000000000000c

Registers:
RAX=0x000000000000000c, RBX=0x0000000008a14000, RCX=0x0000000000000000, RDX=0x0000000000000000
RSP=0x000000000a6df5c0, RBP=0x000000000000000c, RSI=0x0000000000000000, RDI=0x0000000000000010
R8 =0x00000000f55a85b0, R9 =0x0000000000000000, R10=0x0000000000000000, R11=0x0000000000000001
R12=0x0000000000000000, R13=0x000000000216eed8, R14=0x0000000000000000, R15=0x0000000000000000
RIP=0x0000000067d14419, EFLAGS=0x0000000000010246

Top of Stack: (sp=0x000000000a6df5c0)
0x000000000a6df5c0:   0000000008a14000 0000000000000000
0x000000000a6df5d0:   0000000000000000 0000000008a14000
0x000000000a6df5e0:   0000000000000000 0000000067ddb2b7
0x000000000a6df5f0:   00000000f55a85b0 000000000a6df710
0x000000000a6df600:   0000000008a1dc20 000000000a6df6e0
0x000000000a6df610:   0000000008a14000 0000000000000000
0x000000000a6df620:   0000000008a1dc20 000000000a6df710
0x000000000a6df630:   0000000000000000 000000000216eed8
0x000000000a6df640:   0000000000000000 000000005f487d15
0x000000000a6df650:   000000000a6df6e0 000000000a6df710
0x000000000a6df660:   0000000008a1dc20 0000000008a141e8
0x000000000a6df670:   0000000008aaf90a 000000005f48f08c
0x000000000a6df680:   0000000002010a01 000000000a6df780
0x000000000a6df690:   000000000216ea01 0000000008a1d370
0x000000000a6df6a0:   000005e100000013 0000000002010a00
0x000000000a6df6b0:   0000000002156e60 0000000067e8cc7d 

Instructions: (pc=0x0000000067d14419)
0x0000000067d143f9:   d2 48 8b c5 eb 18 48 8b d0 48 8b c5 48 d3 e2 48
0x0000000067d14409:   03 15 a1 74 69 00 eb 06 48 8b 12 48 8b c7 48 98
0x0000000067d14419:   8b 14 10 85 d2 74 2a 45 84 db 4c 63 c6 48 0f 45
0x0000000067d14429:   fd 8d 47 0b 48 63 c8 48 83 e1 f8 48 c1 e9 03 8d 


Register to memory mapping:

RAX=0x000000000000000c is an unknown value
RBX=0x0000000008a14000 is a thread
RCX=0x0000000000000000 is an unknown value
RDX=0x0000000000000000 is an unknown value
RSP=0x000000000a6df5c0 is pointing into the stack for thread: 0x0000000008a14000
RBP=0x000000000000000c is an unknown value
RSI=0x0000000000000000 is an unknown value
RDI=0x0000000000000010 is an unknown value
R8 =0x00000000f55a85b0 is an oop
java.lang.String 
 - klass: 'java/lang/String'
R9 =0x0000000000000000 is an unknown value
R10=0x0000000000000000 is an unknown value
R11=0x0000000000000001 is an unknown value
R12=0x0000000000000000 is an unknown value
R13=0x000000000216eed8 is an unknown value
R14=0x0000000000000000 is an unknown value
R15=0x0000000000000000 is an unknown value


Stack: [0x000000000a5e0000,0x000000000a6e0000],  sp=0x000000000a6df5c0,  free space=1021k
Native frames: (J=compiled Java code, j=interpreted, Vv=VM code, C=native code)
V  [jvm.dll+0x54419]


---------------  P R O C E S S  ---------------

Java Threads: ( => current thread )
  0x0000000008a3c800 JavaThread "Service Thread" daemon [_thread_blocked, id=11668, stack(0x000000000ad50000,0x000000000ae50000)]
  0x0000000008a31800 JavaThread "C2 CompilerThread1" daemon [_thread_blocked, id=19836, stack(0x000000000abb0000,0x000000000acb0000)]
  0x0000000008a39800 JavaThread "C2 CompilerThread0" daemon [_thread_blocked, id=16072, stack(0x000000000aab0000,0x000000000abb0000)]
  0x0000000008a20000 JavaThread "JDWP Command Reader" daemon [_thread_in_native, id=13244, stack(0x000000000a9a0000,0x000000000aaa0000)]
  0x0000000008a1c000 JavaThread "JDWP Event Helper Thread" daemon [_thread_blocked, id=14764, stack(0x000000000a7c0000,0x000000000a8c0000)]
=>0x0000000008a14000 JavaThread "JDWP Transport Listener: dt_socket" daemon [_thread_in_vm, id=14160, stack(0x000000000a5e0000,0x000000000a6e0000)]
  0x0000000008a0e000 JavaThread "Attach Listener" daemon [_thread_blocked, id=15312, stack(0x000000000a040000,0x000000000a140000)]
  0x0000000007848800 JavaThread "Signal Dispatcher" daemon [_thread_blocked, id=13572, stack(0x0000000009ed0000,0x0000000009fd0000)]
  0x0000000007836800 JavaThread "Finalizer" daemon [_thread_blocked, id=6520, stack(0x0000000009dd0000,0x0000000009ed0000)]
  0x0000000007830000 JavaThread "Reference Handler" daemon [_thread_blocked, id=19932, stack(0x0000000009b00000,0x0000000009c00000)]
  0x000000000228f000 JavaThread "main" [_thread_blocked, id=10944, stack(0x00000000024a0000,0x00000000025a0000)]

Other Threads:
  0x000000000782d000 VMThread [stack: 0x0000000009a00000,0x0000000009b00000] [id=19208]
  0x0000000008a3e000 WatcherThread [stack: 0x000000000a350000,0x000000000a450000] [id=11992]

VM state:not at safepoint (normal execution)

VM Mutex/Monitor currently owned by a thread: None

Heap
 PSYoungGen      total 19456K, used 1013K [0x00000000f5500000, 0x00000000f6a80000, 0x0000000100000000)
  eden space 16896K, 6% used [0x00000000f5500000,0x00000000f55fd7f8,0x00000000f6580000)
  from space 2560K, 0% used [0x00000000f6800000,0x00000000f6800000,0x00000000f6a80000)
  to   space 2560K, 0% used [0x00000000f6580000,0x00000000f6580000,0x00000000f6800000)
 ParOldGen       total 44032K, used 0K [0x00000000e0000000, 0x00000000e2b00000, 0x00000000f5500000)
  object space 44032K, 0% used [0x00000000e0000000,0x00000000e0000000,0x00000000e2b00000)
 PSPermGen       total 21504K, used 2547K [0x00000000dae00000, 0x00000000dc300000, 0x00000000e0000000)
  object space 21504K, 11% used [0x00000000dae00000,0x00000000db07cf48,0x00000000dc300000)

Card table byte_map: [0x00000000055a0000,0x00000000056d0000] byte_map_base: 0x0000000004ec9000

Polling page: 0x0000000000100000

Code Cache  [0x00000000025a0000, 0x0000000002810000, 0x00000000055a0000)
 total_blobs=177 nmethods=1 adapters=138 free_code_cache=48770Kb largest_free_block=49921792

Compilation events (2 events):
Event: 0.878 Thread 0x0000000008a39800    1             java.lang.String::charAt (29 bytes)
Event: 0.881 Thread 0x0000000008a39800 nmethod 1 0x0000000002602110 code [0x0000000002602260, 0x0000000002602338]

GC Heap History (0 events):
No events

Deoptimization events (0 events):
No events

Internal exceptions (3 events):
Event: 0.610 Thread 0x000000000228f000 Threw 0x00000000f5510790 at C:\re\jdk7u45\229\hotspot\src\share\vm\prims\jni.cpp:3991
Event: 0.878 Thread 0x000000000228f000 Threw 0x00000000f55a1610 at C:\re\jdk7u45\229\hotspot\src\share\vm\prims\jvm.cpp:1244
Event: 0.890 Thread 0x000000000228f000 Threw 0x00000000f55a69e8 at C:\re\jdk7u45\229\hotspot\src\share\vm\prims\jvm.cpp:1244

Events (10 events):
Event: 145.512 Executing VM operation: EnterInterpOnlyMode
Event: 145.513 Executing VM operation: EnterInterpOnlyMode done
Event: 145.513 Executing VM operation: GetCurrentLocation
Event: 145.513 Executing VM operation: GetCurrentLocation done
Event: 145.513 Executing VM operation: ChangeSingleStep
Event: 145.513 Executing VM operation: ChangeSingleStep done
Event: 145.513 Executing VM operation: ChangeSingleStep
Event: 145.513 Executing VM operation: ChangeSingleStep done
Event: 145.535 Executing VM operation: GetOrSetLocal
Event: 145.535 Executing VM operation: GetOrSetLocal done


Dynamic libraries:
0x000000013fe50000 - 0x000000013fe83000 	E:\MyEclipse Professional 2014\binary\com.sun.java.jdk7.win32.x86_64_1.7.0.u45\bin\javaw.exe
0x0000000077a80000 - 0x0000000077c2b000 	C:\Windows\SYSTEM32\ntdll.dll
0x0000000077740000 - 0x000000007785f000 	C:\Windows\system32\kernel32.dll
0x000007fefdfa0000 - 0x000007fefe00b000 	C:\Windows\system32\KERNELBASE.dll
0x000007fefe7f0000 - 0x000007fefe8cb000 	C:\Windows\system32\ADVAPI32.dll
0x000007feffcf0000 - 0x000007feffd8f000 	C:\Windows\system32\msvcrt.dll
0x000007fefe510000 - 0x000007fefe52f000 	C:\Windows\SYSTEM32\sechost.dll
0x000007fefebd0000 - 0x000007fefecfe000 	C:\Windows\system32\RPCRT4.dll
0x00000000774e0000 - 0x00000000775da000 	C:\Windows\system32\USER32.dll
0x000007fefed00000 - 0x000007fefed67000 	C:\Windows\system32\GDI32.dll
0x000007fefedf0000 - 0x000007fefedfe000 	C:\Windows\system32\LPK.dll
0x000007fefeb00000 - 0x000007fefebca000 	C:\Windows\system32\USP10.dll
0x000007fefc8d0000 - 0x000007fefcac4000 	C:\Windows\WinSxS\amd64_microsoft.windows.common-controls_6595b64144ccf1df_6.0.7600.16661_none_fa62ad231704eab7\COMCTL32.dll
0x000007fefed70000 - 0x000007fefede1000 	C:\Windows\system32\SHLWAPI.dll
0x000007fefe7c0000 - 0x000007fefe7ee000 	C:\Windows\system32\IMM32.DLL
0x000007fefe400000 - 0x000007fefe509000 	C:\Windows\system32\MSCTF.dll
0x00000000685d0000 - 0x00000000686a2000 	E:\MyEclipse Professional 2014\binary\com.sun.java.jdk7.win32.x86_64_1.7.0.u45\jre\bin\msvcr100.dll
0x0000000067cc0000 - 0x0000000068489000 	E:\MyEclipse Professional 2014\binary\com.sun.java.jdk7.win32.x86_64_1.7.0.u45\jre\bin\server\jvm.dll
0x000007fefc6f0000 - 0x000007fefc6f9000 	C:\Windows\system32\WSOCK32.dll
0x000007fefe8d0000 - 0x000007fefe91d000 	C:\Windows\system32\WS2_32.dll
0x000007feffcc0000 - 0x000007feffcc8000 	C:\Windows\system32\NSI.dll
0x000007fefbbd0000 - 0x000007fefbc0b000 	C:\Windows\system32\WINMM.dll
0x0000000077c40000 - 0x0000000077c47000 	C:\Windows\system32\PSAPI.DLL
0x000000006f270000 - 0x000000006f27f000 	E:\MyEclipse Professional 2014\binary\com.sun.java.jdk7.win32.x86_64_1.7.0.u45\jre\bin\verify.dll
0x00000000686e0000 - 0x0000000068708000 	E:\MyEclipse Professional 2014\binary\com.sun.java.jdk7.win32.x86_64_1.7.0.u45\jre\bin\java.dll
0x000000005f480000 - 0x000000005f4b5000 	E:\MyEclipse Professional 2014\binary\com.sun.java.jdk7.win32.x86_64_1.7.0.u45\jre\bin\jdwp.dll
0x0000000068560000 - 0x0000000068568000 	E:\MyEclipse Professional 2014\binary\com.sun.java.jdk7.win32.x86_64_1.7.0.u45\jre\bin\npt.dll
0x000000006bcb0000 - 0x000000006bcc5000 	E:\MyEclipse Professional 2014\binary\com.sun.java.jdk7.win32.x86_64_1.7.0.u45\jre\bin\zip.dll
0x0000000068540000 - 0x0000000068549000 	E:\MyEclipse Professional 2014\binary\com.sun.java.jdk7.win32.x86_64_1.7.0.u45\jre\bin\dt_socket.dll
0x000007fefbbb0000 - 0x000007fefbbc5000 	C:\Windows\system32\NLAapi.dll
0x000007fefd760000 - 0x000007fefd7b4000 	C:\Windows\System32\mswsock.dll
0x000007fefd5e0000 - 0x000007fefd63b000 	C:\Windows\system32\DNSAPI.dll
0x000007fef84d0000 - 0x000007fef84db000 	C:\Windows\System32\winrnr.dll
0x000007fef84b0000 - 0x000007fef84c5000 	C:\Windows\system32\napinsp.dll
0x000007fef8060000 - 0x000007fef8079000 	C:\Windows\system32\pnrpnsp.dll
0x000007fefb7c0000 - 0x000007fefb7e7000 	C:\Windows\system32\IPHLPAPI.DLL
0x000007fefb7b0000 - 0x000007fefb7bb000 	C:\Windows\system32\WINNSI.DLL
0x000007fefb270000 - 0x000007fefb2c3000 	C:\Windows\System32\fwpuclnt.dll
0x000007fef93c0000 - 0x000007fef93c8000 	C:\Windows\system32\rasadhlp.dll
0x000007fefd130000 - 0x000007fefd137000 	C:\Windows\System32\wshtcpip.dll
0x000007fef8a50000 - 0x000007fef8b75000 	C:\Windows\system32\dbghelp.dll

VM Arguments:
jvm_args: -agentlib:jdwp=transport=dt_socket,suspend=y,address=localhost:49584 -Xms64M -Xmx512M -Dfile.encoding=UTF-8 
java_command: algorithms.test.LcsLengthTest
Launcher Type: SUN_STANDARD

Environment Variables:
JAVA_HOME=C:\Program Files\Java\jdk1.7.0_65
CLASSPATH=.;C:\Program Files\Java\jdk1.7.0_65\lib\dt.jar;C:\Program Files\Java\jdk1.7.0_65\lib\tools.jar;E:\Weka-3-6\lib\mysql-connector-java-5.1.6-bin.jar
PATH=E:\MyEclipse Professional 2014\binary\com.sun.java.jdk7.win32.x86_64_1.7.0.u45\jre\bin;C:\ProgramData\Oracle\Java\javapath;F:\app\oracle\product\11.2.0\client_1\bin;F:\app\lamar\product\11.2.0\client_1;C:\Program Files\Java\jdk1.7.0_65\bin;C:\Program Files\Java\jdk1.7.0_65\jre\bin;JBOSS_HOME\bin;C:\Program Files (x86)\Intel\iCLS Client\;C:\Program Files\Intel\iCLS Client\;C:\Program Files (x86)\AMD APP\bin\x86_64;C:\Program Files (x86)\AMD APP\bin\x86;C:\Program Files (x86)\Common Files\NetSarang;C:\Windows\system32;C:\Windows;C:\Windows\System32\Wbem;C:\Windows\System32\WindowsPowerShell\v1.0\;C:\Program Files (x86)\ATI Technologies\ATI.ACE\Core-Static;C:\Program Files\Intel\Intel(R) Management Engine Components\DAL;C:\Program Files\Intel\Intel(R) Management Engine Components\IPT;C:\Program Files (x86)\Intel\Intel(R) Management Engine Components\DAL;C:\Program Files (x86)\Intel\Intel(R) Management Engine Components\IPT;E:\Program Files\TortoiseSVN\bin;F:\bi\maven-3.0.5\bin;D:\Javasoftware\Cocos2d-js\apache-ant-1.9.6\bin;E:\Python27;D:\Javasoftware\Cocos2d-js\android-ndk-r10e;D:\Javasoftware\Cocos2d-js\sdk\tools;D:\Javasoftware\Cocos2d-js\sdk\platform-tools;C:\Program Files (x86)\MySQL\MySQL Server 5.5\bin;F:\bi\sonar-scanner-2.6\bin;D:\Javasoftware\gradle\gradle-2.2\bin;C:\Program Files (x86)\Mozilla Firefox\firefox.exe;D:\Javasoftware\Cocos2d-js\cocos2d-js-v3.0-rc2\tools\cocos2d-console\bin
USERNAME=lamar
OS=Windows_NT
PROCESSOR_IDENTIFIER=Intel64 Family 6 Model 58 Stepping 9, GenuineIntel



---------------  S Y S T E M  ---------------

OS: Windows 7 , 64 bit Build 7600 

CPU:total 8 (4 cores per cpu, 2 threads per core) family 6 model 58 stepping 9, cmov, cx8, fxsr, mmx, sse, sse2, sse3, ssse3, sse4.1, sse4.2, popcnt, aes, erms, ht, tsc, tscinvbit, tscinv

Memory: 4k page, physical 4147748k(1479528k free), swap 8293600k(4034640k free)

vm_info: Java HotSpot(TM) 64-Bit Server VM (24.45-b08) for windows-amd64 JRE (1.7.0_45-b18), built on Oct  8 2013 05:47:22 by "java_re" with unknown MS VC++:1600

time: Fri Aug 12 21:27:31 2016
elapsed time: 145 seconds

