#
# A fatal error has been detected by the Java Runtime Environment:
#
#  EXCEPTION_ACCESS_VIOLATION (0xc0000005) at pc=0x000000006edb4979, pid=12432, tid=5952
#
# JRE version: Java(TM) SE Runtime Environment (7.0_65-b19) (build 1.7.0_65-b19)
# Java VM: Java HotSpot(TM) 64-Bit Server VM (24.65-b04 mixed mode windows-amd64 compressed oops)
# Problematic frame:
# V  [jvm.dll+0x54979]
#
# Failed to write core dump. Minidumps are not enabled by default on client versions of Windows
#
# If you would like to submit a bug report, please visit:
#   http://bugreport.sun.com/bugreport/crash.jsp
#

---------------  T H R E A D  ---------------

Current thread (0x000000000b2e9800):  JavaThread "JDWP Transport Listener: dt_socket" daemon [_thread_in_vm, id=5952, stack(0x000000000be00000,0x000000000bf00000)]

siginfo: ExceptionCode=0xc0000005, reading address 0x000000000000000c

Registers:
RAX=0x000000000000000c, RBX=0x000000000b2e9800, RCX=0x0000000000000000, RDX=0x0000000000000000
RSP=0x000000000beff990, RBP=0x000000000000000c, RSI=0x0000000000000000, RDI=0x0000000000000010
R8 =0x00000000e03f8d68, R9 =0x0000000000000000, R10=0x0000000000000000, R11=0x0000000000000001
R12=0x0000000000000000, R13=0x0000000009c756b8, R14=0x0000000000000000, R15=0x0000000000000000
RIP=0x000000006edb4979, EFLAGS=0x0000000000010246

Top of Stack: (sp=0x000000000beff990)
0x000000000beff990:   000000000b2e9800 0000000000000000
0x000000000beff9a0:   0000000000000000 000000000b2e9800
0x000000000beff9b0:   0000000000000000 000000006ee7caa7
0x000000000beff9c0:   00000000e03f8d68 000000000beffae0
0x000000000beff9d0:   000000000b2ee968 000000000beffab0
0x000000000beff9e0:   000000000b2e9800 0000000000000000
0x000000000beff9f0:   000000000b2ee968 000000000beffae0
0x000000000beffa00:   0000000000000000 0000000009c756b8
0x000000000beffa10:   0000000000000000 000000005fe27d15
0x000000000beffa20:   000000000beffab0 000000000beffae0
0x000000000beffa30:   000000000b2ee968 000000000b2e99e8
0x000000000beffa40:   000000000b3b760a 000000005fe2f090
0x000000000beffa50:   0000000009010a01 000000000beffb50
0x000000000beffa60:   0000000009c75201 0000000009c75201
0x000000000beffa70:   000006f500000013 0000000009010a00
0x000000000beffa80:   0000000002525b60 000000006eeed3ba 

Instructions: (pc=0x000000006edb4979)
0x000000006edb4959:   d2 48 8b c5 eb 18 48 8b d0 48 8b c5 48 d3 e2 48
0x000000006edb4969:   03 15 41 ff 69 00 eb 06 48 8b 12 48 8b c7 48 98
0x000000006edb4979:   8b 14 10 85 d2 74 2a 45 84 db 4c 63 c6 48 0f 45
0x000000006edb4989:   fd 8d 47 0b 48 63 c8 48 83 e1 f8 48 c1 e9 03 8d 


Register to memory mapping:

RAX=0x000000000000000c is an unknown value
RBX=0x000000000b2e9800 is a thread
RCX=0x0000000000000000 is an unknown value
RDX=0x0000000000000000 is an unknown value
RSP=0x000000000beff990 is pointing into the stack for thread: 0x000000000b2e9800
RBP=0x000000000000000c is an unknown value
RSI=0x0000000000000000 is an unknown value
RDI=0x0000000000000010 is an unknown value
R8 =0x00000000e03f8d68 is an oop
java.lang.String 
 - klass: 'java/lang/String'
R9 =0x0000000000000000 is an unknown value
R10=0x0000000000000000 is an unknown value
R11=0x0000000000000001 is an unknown value
R12=0x0000000000000000 is an unknown value
R13=0x0000000009c756b8 is an unknown value
R14=0x0000000000000000 is an unknown value
R15=0x0000000000000000 is an unknown value


Stack: [0x000000000be00000,0x000000000bf00000],  sp=0x000000000beff990,  free space=1022k
Native frames: (J=compiled Java code, j=interpreted, Vv=VM code, C=native code)
V  [jvm.dll+0x54979]


---------------  P R O C E S S  ---------------

Java Threads: ( => current thread )
  0x000000000b30d000 JavaThread "Service Thread" daemon [_thread_blocked, id=4852, stack(0x000000000c6b0000,0x000000000c7b0000)]
  0x000000000b30b000 JavaThread "C2 CompilerThread1" daemon [_thread_blocked, id=17796, stack(0x000000000c540000,0x000000000c640000)]
  0x000000000b306800 JavaThread "C2 CompilerThread0" daemon [_thread_blocked, id=13544, stack(0x000000000c380000,0x000000000c480000)]
  0x000000000b2f1000 JavaThread "JDWP Command Reader" daemon [_thread_in_native, id=14004, stack(0x000000000c170000,0x000000000c270000)]
  0x000000000b2ed800 JavaThread "JDWP Event Helper Thread" daemon [_thread_blocked, id=15268, stack(0x000000000bf10000,0x000000000c010000)]
=>0x000000000b2e9800 JavaThread "JDWP Transport Listener: dt_socket" daemon [_thread_in_vm, id=5952, stack(0x000000000be00000,0x000000000bf00000)]
  0x0000000009c7b800 JavaThread "Attach Listener" daemon [_thread_blocked, id=6712, stack(0x000000000b1e0000,0x000000000b2e0000)]
  0x0000000009c74000 JavaThread "Signal Dispatcher" daemon [_thread_blocked, id=13964, stack(0x000000000b000000,0x000000000b100000)]
  0x0000000009c07800 JavaThread "Finalizer" daemon [_thread_blocked, id=13368, stack(0x000000000aed0000,0x000000000afd0000)]
  0x0000000009c00800 JavaThread "Reference Handler" daemon [_thread_blocked, id=12184, stack(0x000000000ad30000,0x000000000ae30000)]
  0x00000000026bf800 JavaThread "main" [_thread_blocked, id=19312, stack(0x0000000002740000,0x0000000002840000)]

Other Threads:
  0x0000000009bfb000 VMThread [stack: 0x000000000ac30000,0x000000000ad30000] [id=9380]
  0x000000000b322800 WatcherThread [stack: 0x000000000ba90000,0x000000000bb90000] [id=6672]

VM state:not at safepoint (normal execution)

VM Mutex/Monitor currently owned by a thread: None

Heap
 PSYoungGen      total 28672K, used 2474K [0x00000000e0200000, 0x00000000e2200000, 0x0000000100000000)
  eden space 24576K, 10% used [0x00000000e0200000,0x00000000e046a980,0x00000000e1a00000)
  from space 4096K, 0% used [0x00000000e1e00000,0x00000000e1e00000,0x00000000e2200000)
  to   space 4096K, 0% used [0x00000000e1a00000,0x00000000e1a00000,0x00000000e1e00000)
 ParOldGen       total 65024K, used 0K [0x00000000a0600000, 0x00000000a4580000, 0x00000000e0200000)
  object space 65024K, 0% used [0x00000000a0600000,0x00000000a0600000,0x00000000a4580000)
 PSPermGen       total 21504K, used 3468K [0x000000009b400000, 0x000000009c900000, 0x00000000a0600000)
  object space 21504K, 16% used [0x000000009b400000,0x000000009b7630b8,0x000000009c900000)

Card table byte_map: [0x0000000005900000,0x0000000005c30000] byte_map_base: 0x0000000005426000

Polling page: 0x0000000000220000

Code Cache  [0x0000000002900000, 0x0000000002b70000, 0x0000000005900000)
 total_blobs=191 nmethods=3 adapters=150 free_code_cache=48761Kb largest_free_block=49909696

Compilation events (6 events):
Event: 0.420 Thread 0x000000000b306800    1             java.lang.String::charAt (29 bytes)
Event: 0.427 Thread 0x000000000b30b000    2             java.lang.String::hashCode (55 bytes)
Event: 0.442 Thread 0x000000000b306800 nmethod 1 0x000000000295f610 code [0x000000000295f760, 0x000000000295f838]
Event: 0.442 Thread 0x000000000b306800    3             sun.misc.ASCIICaseInsensitiveComparator::compare (126 bytes)
Event: 0.443 Thread 0x000000000b30b000 nmethod 2 0x00000000029638d0 code [0x0000000002963a00, 0x0000000002963b78]
Event: 0.446 Thread 0x000000000b306800 nmethod 3 0x0000000002963090 code [0x00000000029631e0, 0x0000000002963618]

GC Heap History (0 events):
No events

Deoptimization events (0 events):
No events

Internal exceptions (6 events):
Event: 0.066 Thread 0x00000000026bf800 Threw 0x00000000e02106d0 at C:\re\jdk7u65\1313\hotspot\src\share\vm\prims\jni.cpp:3991
Event: 0.400 Thread 0x00000000026bf800 Threw 0x00000000e0313dc8 at C:\re\jdk7u65\1313\hotspot\src\share\vm\prims\jvm.cpp:1244
Event: 0.424 Thread 0x00000000026bf800 Threw 0x00000000e0335070 at C:\re\jdk7u65\1313\hotspot\src\share\vm\prims\jvm.cpp:1244
Event: 0.424 Thread 0x00000000026bf800 Threw 0x00000000e0335198 at C:\re\jdk7u65\1313\hotspot\src\share\vm\prims\jvm.cpp:1244
Event: 0.425 Thread 0x00000000026bf800 Threw 0x00000000e0338e10 at C:\re\jdk7u65\1313\hotspot\src\share\vm\prims\jvm.cpp:1244
Event: 0.425 Thread 0x00000000026bf800 Threw 0x00000000e0338f38 at C:\re\jdk7u65\1313\hotspot\src\share\vm\prims\jvm.cpp:1244

Events (10 events):
Event: 184.791 Executing VM operation: GetCurrentLocation
Event: 184.791 Executing VM operation: GetCurrentLocation done
Event: 184.791 Executing VM operation: ChangeSingleStep
Event: 184.791 Executing VM operation: ChangeSingleStep done
Event: 184.792 Executing VM operation: ChangeSingleStep
Event: 184.792 Executing VM operation: ChangeSingleStep done
Event: 184.800 Executing VM operation: GetOrSetLocal
Event: 184.800 Executing VM operation: GetOrSetLocal done
Event: 184.841 Executing VM operation: GetOrSetLocal
Event: 184.841 Executing VM operation: GetOrSetLocal done


Dynamic libraries:
0x000000013fc40000 - 0x000000013fc73000 	C:\Program Files\Java\jdk1.7.0_65\bin\javaw.exe
0x0000000077630000 - 0x00000000777db000 	C:\Windows\SYSTEM32\ntdll.dll
0x0000000077510000 - 0x000000007762f000 	C:\Windows\system32\kernel32.dll
0x000007fefd8f0000 - 0x000007fefd95b000 	C:\Windows\system32\KERNELBASE.dll
0x000007fefddd0000 - 0x000007fefdeab000 	C:\Windows\system32\ADVAPI32.dll
0x000007fefdd30000 - 0x000007fefddcf000 	C:\Windows\system32\msvcrt.dll
0x000007fefdeb0000 - 0x000007fefdecf000 	C:\Windows\SYSTEM32\sechost.dll
0x000007fefd960000 - 0x000007fefda8e000 	C:\Windows\system32\RPCRT4.dll
0x0000000077410000 - 0x000000007750a000 	C:\Windows\system32\USER32.dll
0x000007feff400000 - 0x000007feff467000 	C:\Windows\system32\GDI32.dll
0x000007fefdd20000 - 0x000007fefdd2e000 	C:\Windows\system32\LPK.dll
0x000007feff090000 - 0x000007feff15a000 	C:\Windows\system32\USP10.dll
0x000007fefc170000 - 0x000007fefc364000 	C:\Windows\WinSxS\amd64_microsoft.windows.common-controls_6595b64144ccf1df_6.0.7600.16385_none_fa645303170382f6\COMCTL32.dll
0x000007fefdf80000 - 0x000007fefdff1000 	C:\Windows\system32\SHLWAPI.dll
0x000007fefded0000 - 0x000007fefdefe000 	C:\Windows\system32\IMM32.DLL
0x000007fefdc10000 - 0x000007fefdd19000 	C:\Windows\system32\MSCTF.dll
0x000000005c1c0000 - 0x000000005c292000 	C:\Program Files\Java\jdk1.7.0_65\jre\bin\msvcr100.dll
0x000000006ed60000 - 0x000000006f532000 	C:\Program Files\Java\jdk1.7.0_65\jre\bin\server\jvm.dll
0x000007fef9a60000 - 0x000007fef9a69000 	C:\Windows\system32\WSOCK32.dll
0x000007fefe260000 - 0x000007fefe2ad000 	C:\Windows\system32\WS2_32.dll
0x000007feff470000 - 0x000007feff478000 	C:\Windows\system32\NSI.dll
0x000007fefb270000 - 0x000007fefb2ab000 	C:\Windows\system32\WINMM.dll
0x0000000077800000 - 0x0000000077807000 	C:\Windows\system32\PSAPI.DLL
0x0000000067dc0000 - 0x0000000067dcf000 	C:\Program Files\Java\jdk1.7.0_65\jre\bin\verify.dll
0x00000000600a0000 - 0x00000000600c8000 	C:\Program Files\Java\jdk1.7.0_65\jre\bin\java.dll
0x000000005fe20000 - 0x000000005fe55000 	C:\Program Files\Java\jdk1.7.0_65\jre\bin\jdwp.dll
0x0000000067e30000 - 0x0000000067e38000 	C:\Program Files\Java\jdk1.7.0_65\jre\bin\npt.dll
0x0000000060fb0000 - 0x0000000060fc5000 	C:\Program Files\Java\jdk1.7.0_65\jre\bin\zip.dll
0x0000000067db0000 - 0x0000000067db9000 	C:\Program Files\Java\jdk1.7.0_65\jre\bin\dt_socket.dll
0x000007fefb250000 - 0x000007fefb265000 	C:\Windows\system32\NLAapi.dll
0x000007fefce00000 - 0x000007fefce54000 	C:\Windows\System32\mswsock.dll
0x000007fefcc40000 - 0x000007fefcc9b000 	C:\Windows\system32\DNSAPI.dll
0x000007fef7410000 - 0x000007fef741b000 	C:\Windows\System32\winrnr.dll
0x000007fef6cf0000 - 0x000007fef6d05000 	C:\Windows\system32\napinsp.dll
0x000007fef6cd0000 - 0x000007fef6ce9000 	C:\Windows\system32\pnrpnsp.dll
0x00000000706c0000 - 0x00000000706e6000 	C:\Program Files\Bonjour\mdnsNSP.dll
0x000007fefafb0000 - 0x000007fefafd7000 	C:\Windows\system32\Iphlpapi.DLL
0x000007fefafa0000 - 0x000007fefafab000 	C:\Windows\system32\WINNSI.DLL
0x000007fefae10000 - 0x000007fefae63000 	C:\Windows\System32\fwpuclnt.dll
0x000007fef79c0000 - 0x000007fef79c8000 	C:\Windows\system32\rasadhlp.dll
0x000007fefc7d0000 - 0x000007fefc7d7000 	C:\Windows\System32\wshtcpip.dll
0x000007fee0a70000 - 0x000007fee0b95000 	C:\Windows\system32\dbghelp.dll

VM Arguments:
jvm_args: -agentlib:jdwp=transport=dt_socket,suspend=y,address=localhost:64904 -Dfile.encoding=UTF-8 
java_command: algorithms.Main
Launcher Type: SUN_STANDARD

Environment Variables:
JAVA_HOME=C:\Program Files\Java\jdk1.7.0_65
PATH=C:\Program Files\Java\jdk1.7.0_65\jre\bin;C:\Program Files (x86)\Common Files\NetSarang;C:\ProgramData\Oracle\Java\javapath;C:\Windows\system32;C:\Windows;C:\Windows\System32\Wbem;C:\Windows\System32\WindowsPowerShell\v1.0\;D:\Program Files\AMD\ATI.ACE\Core-Static;C:\Program Files\Java\jdk1.7.0_65\bin;D:\MyWorkspace\apache-maven-3.3.3\bin;D:\Program Files\MATLAB\R2014a\runtime\win64;D:\Program Files\MATLAB\R2014a\bin;D:\Program Files\MATLAB\R2014a\polyspace\bin;D:\Program Files\TortoiseSVN\bin;D:\Go\bin
USERNAME=Administrator
OS=Windows_NT
PROCESSOR_IDENTIFIER=Intel64 Family 6 Model 42 Stepping 7, GenuineIntel



---------------  S Y S T E M  ---------------

OS: Windows 7 , 64 bit Build 7600 

CPU:total 4 (4 cores per cpu, 1 threads per core) family 6 model 42 stepping 7, cmov, cx8, fxsr, mmx, sse, sse2, sse3, ssse3, sse4.1, sse4.2, popcnt, aes, tsc, tscinvbit

Memory: 4k page, physical 6263868k(3284844k free), swap 12525840k(5742020k free)

vm_info: Java HotSpot(TM) 64-Bit Server VM (24.65-b04) for windows-amd64 JRE (1.7.0_65-b19), built on Jul  9 2014 17:47:07 by "java_re" with unknown MS VC++:1600

time: Sat Apr 01 10:22:53 2017
elapsed time: 185 seconds

